<?xml version="1.0" encoding="UTF-8"?>
<testng-results ignored="0" total="1" passed="1" failed="0" skipped="0">
  <reporter-output>
  </reporter-output>
  <suite started-at="2022-03-22T14:42:52 IST" name="Default suite" finished-at="2022-03-22T14:42:52 IST" duration-ms="36">
    <groups>
    </groups>
    <test started-at="2022-03-22T14:42:52 IST" name="Default test" finished-at="2022-03-22T14:42:52 IST" duration-ms="36">
      <class name="practice.ParametersTest">
        <test-method signature="data()[pri:0, instance:practice.ParametersTest@5403f35f]" started-at="2022-03-22T14:42:52 IST" name="data" finished-at="2022-03-22T14:42:52 IST" duration-ms="5" status="PASS">
          <reporter-output>
          </reporter-output>
        </test-method> <!-- data -->
      </class> <!-- practice.ParametersTest -->
    </test> <!-- Default test -->
  </suite> <!-- Default suite -->
</testng-results>
